In file included from ../src/bufferutil.cc:15:0:
../../nan/nan.h:206:9: error: 'v8::Handle' has not been declared
   , v8::Handle<v8::String> opt, bool def
         ^~~~~~
../../nan/nan.h:206:15: error: expected ',' or '...' before '<' token
   , v8::Handle<v8::String> opt, bool def
               ^
../../nan/nan.h: In function 'bool NanBooleanOptionValue(v8::Local<v8::Object>, int)':
../../nan/nan.h:208:7: error: 'def' was not declared in this scope
   if (def) {
       ^~~
../../nan/nan.h:210:27: error: 'opt' was not declared in this scope
       || !optionsObj->Has(opt)
                           ^~~
../../nan/nan.h:214:26: error: 'opt' was not declared in this scope
       && optionsObj->Has(opt)
                          ^~~
../../nan/nan.h: At global scope:
../../nan/nan.h:221:9: error: 'v8::Handle' has not been declared
   , v8::Handle<v8::String> opt
         ^~~~~~
../../nan/nan.h:221:15: error: expected ',' or '...' before '<' token
   , v8::Handle<v8::String> opt
               ^
../../nan/nan.h: In function 'bool NanBooleanOptionValue(v8::Local<v8::Object>, int)':
../../nan/nan.h:219:17: error: redefinition of 'bool NanBooleanOptionValue(v8::Local<v8::Object>, int)'
 NAN_INLINE bool NanBooleanOptionValue(
                 ^~~~~~~~~~~~~~~~~~~~~
../../nan/nan.h:204:17: note: 'bool NanBooleanOptionValue(v8::Local<v8::Object>, int)' previously defined here
 NAN_INLINE bool NanBooleanOptionValue(
                 ^~~~~~~~~~~~~~~~~~~~~
../../nan/nan.h:223:44: error: 'opt' was not declared in this scope
   return NanBooleanOptionValue(optionsObj, opt, false);
                                            ^~~
../../nan/nan.h: At global scope:
../../nan/nan.h:228:9: error: 'v8::Handle' has not been declared
   , v8::Handle<v8::String> opt
         ^~~~~~
../../nan/nan.h:228:15: error: expected ',' or '...' before '<' token
   , v8::Handle<v8::String> opt
               ^
../../nan/nan.h: In function 'uint32_t NanUInt32OptionValue(v8::Local<v8::Object>, int)':
../../nan/nan.h:232:24: error: 'opt' was not declared in this scope
     && optionsObj->Has(opt)
                        ^~~
../../nan/nan.h:235:9: error: 'def' was not declared in this scope
       : def;
         ^~~
../../nan/nan.h: At global scope:
../../nan/nan.h:334:11: error: 'NanNew' declared as an 'inline' variable
       v8::Handle<v8::FunctionTemplate> receiver
           ^~~~~~
../../nan/nan.h:334:11: warning: 'always_inline' attribute ignored [-Wattributes]
../../nan/nan.h:334:11: error: 'template<class T> v8::Local<v8::Signature> NanNew' conflicts with a previous declaration
../../nan/nan.h:328:27: note: previous declaration 'NanNew'
   NAN_INLINE v8::Local<T> NanNew(P arg1) {
                           ^~~~~~
../../nan/nan.h:334:7: error: 'Handle' is not a member of 'v8'
       v8::Handle<v8::FunctionTemplate> receiver
       ^~
../../nan/nan.h:334:38: error: expected primary-expression before '>' token
       v8::Handle<v8::FunctionTemplate> receiver
                                      ^
../../nan/nan.h:334:40: error: 'receiver' was not declared in this scope
       v8::Handle<v8::FunctionTemplate> receiver
                                        ^~~~~~~~
../../nan/nan.h:335:7: error: expected primary-expression before 'int'
     , int argc
       ^~~
../../nan/nan.h:336:7: error: 'Handle' is not a member of 'v8'
     , v8::Handle<v8::FunctionTemplate> argv[] = 0) {
       ^~
../../nan/nan.h:336:38: error: expected primary-expression before '>' token
     , v8::Handle<v8::FunctionTemplate> argv[] = 0) {
                                      ^
../../nan/nan.h:336:40: error: 'argv' was not declared in this scope
     , v8::Handle<v8::FunctionTemplate> argv[] = 0) {
                                        ^~~~
../../nan/nan.h:336:45: error: expected primary-expression before ']' token
     , v8::Handle<v8::FunctionTemplate> argv[] = 0) {
                                             ^
../../nan/nan.h:336:52: error: expected ';' before '{' token
     , v8::Handle<v8::FunctionTemplate> argv[] = 0) {
                                                    ^
../../nan/nan.h:343:11: error: 'v8::Handle' has not been declared
     , v8::Handle<v8::Value> data = v8::Handle<v8::Value>()
           ^~~~~~
../../nan/nan.h:343:17: error: expected ',' or '...' before '<' token
     , v8::Handle<v8::Value> data = v8::Handle<v8::Value>()
                 ^
../../nan/nan.h: In function 'v8::Local<v8::FunctionTemplate> NanNew(NanFunctionCallback, int)':
../../nan/nan.h:345:42: error: 'data' was not declared in this scope
     return T::New(nan_isolate, callback, data, signature);
                                          ^~~~
../../nan/nan.h:345:48: error: 'signature' was not declared in this scope
     return T::New(nan_isolate, callback, data, signature);
                                                ^~~~~~~~~
../../nan/nan.h: At global scope:
../../nan/nan.h:349:38: error: 'NanNew' declared as an 'inline' variable
   NAN_INLINE v8::Local<T> NanNew(v8::Handle<T> arg1) {
                                      ^~~~~~
../../nan/nan.h:349:38: warning: 'always_inline' attribute ignored [-Wattributes]
../../nan/nan.h:349:38: error: 'template<class T> v8::Local<T> NanNew' conflicts with a previous declaration
../../nan/nan.h:341:46: note: previous declaration 'NanNew'
   NAN_INLINE v8::Local<v8::FunctionTemplate> NanNew(
                                              ^~~~~~
../../nan/nan.h:349:34: error: 'Handle' is not a member of 'v8'
   NAN_INLINE v8::Local<T> NanNew(v8::Handle<T> arg1) {
                                  ^~
../../nan/nan.h:349:46: error: expected primary-expression before '>' token
   NAN_INLINE v8::Local<T> NanNew(v8::Handle<T> arg1) {
                                              ^
../../nan/nan.h:349:48: error: 'arg1' was not declared in this scope
   NAN_INLINE v8::Local<T> NanNew(v8::Handle<T> arg1) {
                                                ^~~~
../../nan/nan.h:349:54: error: expected ';' before '{' token
   NAN_INLINE v8::Local<T> NanNew(v8::Handle<T> arg1) {
                                                      ^
../../nan/nan.h: In function 'v8::Local<T> NanNew(P) [with T = v8::Date; P = double]':
../../nan/nan.h:375:43: error: no matching function for call to 'v8::Date::New(v8::Isolate*&, double&)'
     return v8::Date::New(nan_isolate, time).As<v8::Date>();
                                           ^
In file included from ../src/bufferutil.cc:7:0:
/root/.cache/node-gyp/14.16.1/include/node/v8.h:5787:50: note: candidate: static v8::MaybeLocal<v8::Value> v8::Date::New(v8::Local<v8::Context>, double)
   static V8_WARN_UNUSED_RESULT MaybeLocal<Value> New(Local<Context> context,
                                                  ^~~
/root/.cache/node-gyp/14.16.1/include/node/v8.h:5787:50: note:   no known conversion for argument 1 from 'v8::Isolate*' to 'v8::Local<v8::Context>'
In file included from ../src/bufferutil.cc:15:0:
../../nan/nan.h:375:56: error: expected primary-expression before '>' token
     return v8::Date::New(nan_isolate, time).As<v8::Date>();
                                                        ^
../../nan/nan.h:375:58: error: expected primary-expression before ')' token
     return v8::Date::New(nan_isolate, time).As<v8::Date>();
                                                          ^
../../nan/nan.h: In function 'v8::Local<T> NanNew(P) [with T = v8::Date; P = int]':
../../nan/nan.h:380:43: error: no matching function for call to 'v8::Date::New(v8::Isolate*&, int&)'
     return v8::Date::New(nan_isolate, time).As<v8::Date>();
                                           ^
In file included from ../src/bufferutil.cc:7:0:
/root/.cache/node-gyp/14.16.1/include/node/v8.h:5787:50: note: candidate: static v8::MaybeLocal<v8::Value> v8::Date::New(v8::Local<v8::Context>, double)
   static V8_WARN_UNUSED_RESULT MaybeLocal<Value> New(Local<Context> context,
                                                  ^~~
/root/.cache/node-gyp/14.16.1/include/node/v8.h:5787:50: note:   no known conversion for argument 1 from 'v8::Isolate*' to 'v8::Local<v8::Context>'
In file included from ../src/bufferutil.cc:15:0:
../../nan/nan.h:380:56: error: expected primary-expression before '>' token
     return v8::Date::New(nan_isolate, time).As<v8::Date>();
                                                        ^
../../nan/nan.h:380:58: error: expected primary-expression before ')' token
     return v8::Date::New(nan_isolate, time).As<v8::Date>();
                                                          ^
../../nan/nan.h: In function 'v8::Local<T> NanNew(P, const v8::ScriptOrigin&)':
../../nan/nan.h:392:12: error: 'CompileUnbound' is not a member of 'v8::ScriptCompiler'
     return v8::ScriptCompiler::CompileUnbound(nan_isolate, &source);
            ^~
../../nan/nan.h: In function 'v8::Local<T> NanNew(P) [with T = v8::UnboundScript; P = v8::Local<v8::String>]':
../../nan/nan.h:400:12: error: 'CompileUnbound' is not a member of 'v8::ScriptCompiler'
     return v8::ScriptCompiler::CompileUnbound(nan_isolate, &source);
            ^~
../../nan/nan.h: In function 'v8::Local<v8::String> NanNew(v8::String::ExternalStringResource*)':
../../nan/nan.h:405:12: error: 'NewExternal' is not a member of 'v8::String'
     return v8::String::NewExternal(nan_isolate, resource);
            ^~
../../nan/nan.h: At global scope:
../../nan/nan.h:409:19: error: 'NanNew' declared as an 'inline' variable
       v8::String::ExternalAsciiStringResource *resource) {
                   ^~~~~~~~~~~~~~~~~~~~~~~~~~~
../../nan/nan.h:409:19: warning: 'always_inline' attribute ignored [-Wattributes]
../../nan/nan.h:409:19: error: 'v8::Local<v8::String> NanNew' redeclared as different kind of symbol
../../nan/nan.h:403:36: note: previous declaration 'v8::Local<v8::String> NanNew(v8::String::ExternalStringResource*)'
   NAN_INLINE v8::Local<v8::String> NanNew(
                                    ^~~~~~
../../nan/nan.h:409:7: error: 'ExternalAsciiStringResource' is not a member of 'v8::String'
       v8::String::ExternalAsciiStringResource *resource) {
       ^~
../../nan/nan.h:409:48: error: 'resource' was not declared in this scope
       v8::String::ExternalAsciiStringResource *resource) {
                                                ^~~~~~~~
../../nan/nan.h: In function 'v8::Local<T> NanNew(P) [with T = v8::BooleanObject; P = bool]':
../../nan/nan.h:415:40: error: no matching function for call to 'v8::BooleanObject::New(bool&)'
     return v8::BooleanObject::New(value).As<v8::BooleanObject>();
                                        ^
In file included from ../src/bufferutil.cc:7:0:
/root/.cache/node-gyp/14.16.1/include/node/v8.h:5838:23: note: candidate: static v8::Local<v8::Value> v8::BooleanObject::New(v8::Isolate*, bool)
   static Local<Value> New(Isolate* isolate, bool value);
                       ^~~
/root/.cache/node-gyp/14.16.1/include/node/v8.h:5838:23: note:   candidate expects 2 arguments, 1 provided
In file included from ../src/bufferutil.cc:15:0:
../../nan/nan.h:415:62: error: expected primary-expression before '>' token
     return v8::BooleanObject::New(value).As<v8::BooleanObject>();
                                                              ^
../../nan/nan.h:415:64: error: expected primary-expression before ')' token
     return v8::BooleanObject::New(value).As<v8::BooleanObject>();
                                                                ^
../../nan/nan.h: In function 'v8::Local<T> NanNew(P) [with T = v8::StringObject; P = v8::Local<v8::String>]':
../../nan/nan.h:422:39: error: no matching function for call to 'v8::StringObject::New(v8::Local<v8::String>&)'
     return v8::StringObject::New(value).As<v8::StringObject>();
                                       ^
In file included from ../src/bufferutil.cc:7:0:
/root/.cache/node-gyp/14.16.1/include/node/v8.h:5854:23: note: candidate: static v8::Local<v8::Value> v8::StringObject::New(v8::Isolate*, v8::Local<v8::String>)
   static Local<Value> New(Isolate* isolate, Local<String> value);
                       ^~~
/root/.cache/node-gyp/14.16.1/include/node/v8.h:5854:23: note:   candidate expects 2 arguments, 1 provided
In file included from ../src/bufferutil.cc:15:0:
../../nan/nan.h:422:60: error: expected primary-expression before '>' token
     return v8::StringObject::New(value).As<v8::StringObject>();
                                                            ^
../../nan/nan.h:422:62: error: expected primary-expression before ')' token
     return v8::StringObject::New(value).As<v8::StringObject>();
                                                              ^
../../nan/nan.h: At global scope:
../../nan/nan.h:427:28: error: 'Handle' is not a member of 'v8'
   NanNew<v8::StringObject, v8::Handle<v8::String> >(
                            ^~
../../nan/nan.h:427:28: error: 'Handle' is not a member of 'v8'
../../nan/nan.h:427:3: error: parse error in template argument list
   NanNew<v8::StringObject, v8::Handle<v8::String> >(
   ^~~~~~~~~~~~~~~~~~~~~~~~~~~~~~~~~~~~~~~~~~~~~~~
../../nan/nan.h:427:51: error: expected initializer before '>' token
   NanNew<v8::StringObject, v8::Handle<v8::String> >(
                                                   ^
../../nan/nan.h:439:11: error: 'NanNew' declared as an 'inline' variable
       v8::Handle<v8::String> pattern, v8::RegExp::Flags flags) {
           ^~~~~~
../../nan/nan.h:439:11: warning: 'always_inline' attribute ignored [-Wattributes]
../../nan/nan.h:439:11: error: 'template<class T> v8::Local<v8::RegExp> NanNew' redeclared as different kind of symbol
../../nan/nan.h:403:36: note: previous declaration 'v8::Local<v8::String> NanNew(v8::String::ExternalStringResource*)'
   NAN_INLINE v8::Local<v8::String> NanNew(
                                    ^~~~~~
../../nan/nan.h:439:7: error: 'Handle' is not a member of 'v8'
       v8::Handle<v8::String> pattern, v8::RegExp::Flags flags) {
       ^~
../../nan/nan.h:439:28: error: expected primary-expression before '>' token
       v8::Handle<v8::String> pattern, v8::RegExp::Flags flags) {
                            ^
../../nan/nan.h:439:30: error: 'pattern' was not declared in this scope
       v8::Handle<v8::String> pattern, v8::RegExp::Flags flags) {
                              ^~~~~~~
../../nan/nan.h:439:57: error: expected primary-expression before 'flags'
       v8::Handle<v8::String> pattern, v8::RegExp::Flags flags) {
                                                         ^~~~~
../../nan/nan.h: In function 'v8::Local<v8::RegExp> NanNew(v8::Local<v8::String>, v8::RegExp::Flags)':
../../nan/nan.h:446:42: error: no matching function for call to 'v8::RegExp::New(v8::Local<v8::String>&, v8::RegExp::Flags&)'
     return v8::RegExp::New(pattern, flags);
                                          ^
In file included from ../src/bufferutil.cc:7:0:
/root/.cache/node-gyp/14.16.1/include/node/v8.h:5912:51: note: candidate: static v8::MaybeLocal<v8::RegExp> v8::RegExp::New(v8::Local<v8::Context>, v8::Local<v8::String>, v8::RegExp::Flags)
   static V8_WARN_UNUSED_RESULT MaybeLocal<RegExp> New(Local<Context> context,
                                                   ^~~
/root/.cache/node-gyp/14.16.1/include/node/v8.h:5912:51: note:   candidate expects 3 arguments, 2 provided
In file included from ../src/bufferutil.cc:15:0:
../../nan/nan.h: At global scope:
../../nan/nan.h:451:11: error: 'NanNew' declared as an 'inline' variable
       v8::Handle<v8::String> pattern, v8::RegExp::Flags flags) {
           ^~~~~~
../../nan/nan.h:451:11: warning: 'always_inline' attribute ignored [-Wattributes]
../../nan/nan.h:451:11: error: 'template<class T, class P> v8::Local<v8::RegExp> NanNew' conflicts with a previous declaration
../../nan/nan.h:444:36: note: previous declaration 'NanNew'
   NAN_INLINE v8::Local<v8::RegExp> NanNew(
                                    ^~~~~~
../../nan/nan.h:451:7: error: 'Handle' is not a member of 'v8'
       v8::Handle<v8::String> pattern, v8::RegExp::Flags flags) {
       ^~
../../nan/nan.h:451:28: error: expected primary-expression before '>' token
       v8::Handle<v8::String> pattern, v8::RegExp::Flags flags) {
                            ^
../../nan/nan.h:451:30: error: 'pattern' was not declared in this scope
       v8::Handle<v8::String> pattern, v8::RegExp::Flags flags) {
                              ^~~~~~~
../../nan/nan.h:451:57: error: expected primary-expression before 'flags'
       v8::Handle<v8::String> pattern, v8::RegExp::Flags flags) {
                                                         ^~~~~
../../nan/nan.h:451:64: error: expected ';' before '{' token
       v8::Handle<v8::String> pattern, v8::RegExp::Flags flags) {
                                                                ^
../../nan/nan.h: In function 'v8::Local<v8::RegExp> NanNew(v8::Local<v8::String>, v8::RegExp::Flags)':
../../nan/nan.h:458:42: error: no matching function for call to 'v8::RegExp::New(v8::Local<v8::String>&, v8::RegExp::Flags&)'
     return v8::RegExp::New(pattern, flags);
                                          ^
In file included from ../src/bufferutil.cc:7:0:
/root/.cache/node-gyp/14.16.1/include/node/v8.h:5912:51: note: candidate: static v8::MaybeLocal<v8::RegExp> v8::RegExp::New(v8::Local<v8::Context>, v8::Local<v8::String>, v8::RegExp::Flags)
   static V8_WARN_UNUSED_RESULT MaybeLocal<RegExp> New(Local<Context> context,
                                                   ^~~
/root/.cache/node-gyp/14.16.1/include/node/v8.h:5912:51: note:   candidate expects 3 arguments, 2 provided
In file included from ../src/bufferutil.cc:15:0:
../../nan/nan.h: In function 'v8::Local<T> NanNew(P) [with T = v8::Uint32; P = int]':
../../nan/nan.h:463:68: error: no matching function for call to 'v8::Integer::ToUint32()'
     return v8::Uint32::NewFromUnsigned(nan_isolate, val)->ToUint32();
                                                                    ^
In file included from ../src/bufferutil.cc:7:0:
/root/.cache/node-gyp/14.16.1/include/node/v8.h:2836:44: note: candidate: v8::MaybeLocal<v8::Uint32> v8::Value::ToUint32(v8::Local<v8::Context>) const
   V8_WARN_UNUSED_RESULT MaybeLocal<Uint32> ToUint32(
                                            ^~~~~~~~
/root/.cache/node-gyp/14.16.1/include/node/v8.h:2836:44: note:   candidate expects 1 argument, 0 provided
In file included from ../src/bufferutil.cc:15:0:
../../nan/nan.h: In function 'v8::Local<T> NanNew(P) [with T = v8::Uint32; P = unsigned int]':
../../nan/nan.h:468:68: error: no matching function for call to 'v8::Integer::ToUint32()'
     return v8::Uint32::NewFromUnsigned(nan_isolate, val)->ToUint32();
                                                                    ^
In file included from ../src/bufferutil.cc:7:0:
/root/.cache/node-gyp/14.16.1/include/node/v8.h:2836:44: note: candidate: v8::MaybeLocal<v8::Uint32> v8::Value::ToUint32(v8::Local<v8::Context>) const
   V8_WARN_UNUSED_RESULT MaybeLocal<Uint32> ToUint32(
                                            ^~~~~~~~
/root/.cache/node-gyp/14.16.1/include/node/v8.h:2836:44: note:   candidate expects 1 argument, 0 provided
In file included from ../src/bufferutil.cc:15:0:
../../nan/nan.h: In function 'v8::Local<T> NanNew(P) [with T = v8::Int32; P = int]':
../../nan/nan.h:473:54: error: no matching function for call to 'v8::Integer::ToInt32()'
     return v8::Int32::New(nan_isolate, val)->ToInt32();
                                                      ^
In file included from ../src/bufferutil.cc:7:0:
/root/.cache/node-gyp/14.16.1/include/node/v8.h:2843:43: note: candidate: v8::MaybeLocal<v8::Int32> v8::Value::ToInt32(v8::Local<v8::Context>) const
   V8_WARN_UNUSED_RESULT MaybeLocal<Int32> ToInt32(Local<Context> context) const;
                                           ^~~~~~~
/root/.cache/node-gyp/14.16.1/include/node/v8.h:2843:43: note:   candidate expects 1 argument, 0 provided
In file included from ../src/bufferutil.cc:15:0:
../../nan/nan.h: In function 'v8::Local<T> NanNew(P) [with T = v8::Int32; P = unsigned int]':
../../nan/nan.h:478:54: error: no matching function for call to 'v8::Integer::ToInt32()'
     return v8::Int32::New(nan_isolate, val)->ToInt32();
                                                      ^
In file included from ../src/bufferutil.cc:7:0:
/root/.cache/node-gyp/14.16.1/include/node/v8.h:2843:43: note: candidate: v8::MaybeLocal<v8::Int32> v8::Value::ToInt32(v8::Local<v8::Context>) const
   V8_WARN_UNUSED_RESULT MaybeLocal<Int32> ToInt32(Local<Context> context) const;
                                           ^~~~~~~
/root/.cache/node-gyp/14.16.1/include/node/v8.h:2843:43: note:   candidate expects 1 argument, 0 provided
In file included from ../src/bufferutil.cc:15:0:
../../nan/nan.h: In function 'v8::Local<T> NanNew(P, int) [with T = v8::String; P = char*]':
../../nan/nan.h:488:9: error: 'kNormalString' is not a member of 'v8::String'
       , v8::String::kNormalString
         ^~
../../nan/nan.h: In function 'v8::Local<T> NanNew(P, int) [with T = v8::String; P = const char*]':
../../nan/nan.h:499:9: error: 'kNormalString' is not a member of 'v8::String'
       , v8::String::kNormalString
         ^~
../../nan/nan.h: In function 'v8::Local<T> NanNew(P) [with T = v8::String; P = char*]':
../../nan/nan.h:505:35: error: could not convert 'v8::String::NewFromUtf8(nan_isolate, ((const char*)arg), (v8::NewStringType)0, -1)' from 'v8::MaybeLocal<v8::String>' to 'v8::Local<v8::String>'
     return v8::String::NewFromUtf8(nan_isolate, arg);
            ~~~~~~~~~~~~~~~~~~~~~~~^~~~~~~~~~~~~~~~~~
../../nan/nan.h: In function 'v8::Local<T> NanNew(P) [with T = v8::String; P = const char*]':
../../nan/nan.h:511:35: error: could not convert 'v8::String::NewFromUtf8(nan_isolate, arg, (v8::NewStringType)0, -1)' from 'v8::MaybeLocal<v8::String>' to 'v8::Local<v8::String>'
     return v8::String::NewFromUtf8(nan_isolate, arg);
            ~~~~~~~~~~~~~~~~~~~~~~~^~~~~~~~~~~~~~~~~~
../../nan/nan.h: In function 'v8::Local<T> NanNew(P, int) [with T = v8::String; P = unsigned char*]':
../../nan/nan.h:521:9: error: 'kNormalString' is not a member of 'v8::String'
       , v8::String::kNormalString
         ^~
../../nan/nan.h: In function 'v8::Local<T> NanNew(P, int) [with T = v8::String; P = const unsigned char*]':
../../nan/nan.h:532:9: error: 'kNormalString' is not a member of 'v8::String'
       , v8::String::kNormalString
         ^~
../../nan/nan.h: In function 'v8::Local<T> NanNew(P) [with T = v8::String; P = unsigned char*]':
../../nan/nan.h:538:38: error: could not convert 'v8::String::NewFromOneByte(nan_isolate, ((const uint8_t*)arg), (v8::NewStringType)0, -1)' from 'v8::MaybeLocal<v8::String>' to 'v8::Local<v8::String>'
     return v8::String::NewFromOneByte(nan_isolate, arg);
            ~~~~~~~~~~~~~~~~~~~~~~~~~~^~~~~~~~~~~~~~~~~~
../../nan/nan.h: In function 'v8::Local<T> NanNew(P) [with T = v8::String; P = const unsigned char*]':
../../nan/nan.h:544:38: error: could not convert 'v8::String::NewFromOneByte(nan_isolate, arg, (v8::NewStringType)0, -1)' from 'v8::MaybeLocal<v8::String>' to 'v8::Local<v8::String>'
     return v8::String::NewFromOneByte(nan_isolate, arg);
            ~~~~~~~~~~~~~~~~~~~~~~~~~~^~~~~~~~~~~~~~~~~~
../../nan/nan.h: In function 'v8::Local<T> NanNew(P, int) [with T = v8::String; P = short unsigned int*]':
../../nan/nan.h:554:9: error: 'kNormalString' is not a member of 'v8::String'
       , v8::String::kNormalString
         ^~
../../nan/nan.h: In function 'v8::Local<T> NanNew(P, int) [with T = v8::String; P = const short unsigned int*]':
../../nan/nan.h:565:9: error: 'kNormalString' is not a member of 'v8::String'
       , v8::String::kNormalString
         ^~
../../nan/nan.h: In function 'v8::Local<T> NanNew(P) [with T = v8::String; P = short unsigned int*]':
../../nan/nan.h:571:38: error: could not convert 'v8::String::NewFromTwoByte(nan_isolate, ((const uint16_t*)arg), (v8::NewStringType)0, -1)' from 'v8::MaybeLocal<v8::String>' to 'v8::Local<v8::String>'
     return v8::String::NewFromTwoByte(nan_isolate, arg);
            ~~~~~~~~~~~~~~~~~~~~~~~~~~^~~~~~~~~~~~~~~~~~
../../nan/nan.h: In function 'v8::Local<T> NanNew(P) [with T = v8::String; P = const short unsigned int*]':
../../nan/nan.h:577:38: error: could not convert 'v8::String::NewFromTwoByte(nan_isolate, arg, (v8::NewStringType)0, -1)' from 'v8::MaybeLocal<v8::String>' to 'v8::Local<v8::String>'
     return v8::String::NewFromTwoByte(nan_isolate, arg);
            ~~~~~~~~~~~~~~~~~~~~~~~~~~^~~~~~~~~~~~~~~~~~
../../nan/nan.h: At global scope:
../../nan/nan.h:586:20: error: variable or field 'NanAddGCEpilogueCallback' declared void
       v8::Isolate::GCEpilogueCallback callback
                    ^~~~~~~~~~~~~~~~~~
../../nan/nan.h:586:7: error: 'GCEpilogueCallback' is not a member of 'v8::Isolate'
       v8::Isolate::GCEpilogueCallback callback
       ^~
../../nan/nan.h:587:18: error: expected primary-expression before 'gc_type_filter'
     , v8::GCType gc_type_filter = v8::kGCTypeAll) {
                  ^~~~~~~~~~~~~~
../../nan/nan.h:592:20: error: variable or field 'NanRemoveGCEpilogueCallback' declared void
       v8::Isolate::GCEpilogueCallback callback) {
                    ^~~~~~~~~~~~~~~~~~
../../nan/nan.h:592:7: error: 'GCEpilogueCallback' is not a member of 'v8::Isolate'
       v8::Isolate::GCEpilogueCallback callback) {
       ^~
../../nan/nan.h:597:20: error: variable or field 'NanAddGCPrologueCallback' declared void
       v8::Isolate::GCPrologueCallback callback
                    ^~~~~~~~~~~~~~~~~~
../../nan/nan.h:597:7: error: 'GCPrologueCallback' is not a member of 'v8::Isolate'
       v8::Isolate::GCPrologueCallback callback
       ^~
../../nan/nan.h:598:18: error: expected primary-expression before 'gc_type_filter'
     , v8::GCType gc_type_filter = v8::kGCTypeAll) {
                  ^~~~~~~~~~~~~~
../../nan/nan.h:603:20: error: variable or field 'NanRemoveGCPrologueCallback' declared void
       v8::Isolate::GCPrologueCallback callback) {
                    ^~~~~~~~~~~~~~~~~~
../../nan/nan.h:603:7: error: 'GCPrologueCallback' is not a member of 'v8::Isolate'
       v8::Isolate::GCPrologueCallback callback) {
       ^~
../../nan/nan.h:617:11: error: 'v8::Handle' has not been declared
     , v8::Handle<T> obj) {
           ^~~~~~
../../nan/nan.h:617:17: error: expected ',' or '...' before '<' token
     , v8::Handle<T> obj) {
                 ^
../../nan/nan.h: In function 'void NanAssignPersistent(v8::Persistent<T, v8::NonCopyablePersistentTraits<T> >&, int)':
../../nan/nan.h:618:33: error: 'obj' was not declared in this scope
       handle.Reset(nan_isolate, obj);
                                 ^~~
../../nan/nan.h: At global scope:
../../nan/nan.h:631:17: error: 'WeakCallbackData' in namespace 'v8' does not name a template type
       const v8::WeakCallbackData<T, _NanWeakCallbackInfo<T, P> >& data);
                 ^~~~~~~~~~~~~~~~
../../nan/nan.h:631:33: error: expected ',' or '...' before '<' token
       const v8::WeakCallbackData<T, _NanWeakCallbackInfo<T, P> >& data);
                                 ^
../../nan/nan.h:632:36: error: expected ')' before '<' token
     _NanWeakCallbackInfo(v8::Handle<T> handle, P* param, Callback cb)
                                    ^
../../nan/nan.h:696:9: error: variable or field 'NanMakeWeakPersistent' declared void
     v8::Handle<T> handle
         ^~~~~~
../../nan/nan.h:696:5: error: 'Handle' is not a member of 'v8'
     v8::Handle<T> handle
     ^~
../../nan/nan.h:696:17: error: expected primary-expression before '>' token
     v8::Handle<T> handle
                 ^
../../nan/nan.h:696:19: error: 'handle' was not declared in this scope
     v8::Handle<T> handle
                   ^~~~~~
../../nan/nan.h:697:6: error: expected primary-expression before '*' token
   , P* parameter
      ^
../../nan/nan.h:697:8: error: 'parameter' was not declared in this scope
   , P* parameter
        ^~~~~~~~~
../../nan/nan.h:698:51: error: expected '(' before 'callback'
   , typename _NanWeakCallbackInfo<T, P>::Callback callback) {
                                                   ^~~~~~~~
../../nan/nan.h:720:37: error: variable or field 'NanThrowError' declared void
   NAN_INLINE void NanThrowError(v8::Handle<v8::Value> error) {
                                     ^~~~~~
../../nan/nan.h:720:33: error: 'Handle' is not a member of 'v8'
   NAN_INLINE void NanThrowError(v8::Handle<v8::Value> error) {
                                 ^~
../../nan/nan.h:720:53: error: expected primary-expression before '>' token
   NAN_INLINE void NanThrowError(v8::Handle<v8::Value> error) {
                                                     ^
../../nan/nan.h:720:55: error: 'error' was not declared in this scope
   NAN_INLINE void NanThrowError(v8::Handle<v8::Value> error) {
                                                       ^~~~~
../../nan/nan.h: In function 'v8::Local<v8::Value> NanError(const char*, int)':
../../nan/nan.h:731:65: error: no matching function for call to 'v8::Object::Set(v8::Local<v8::String>, v8::Local<v8::Integer>)'
     obj->Set(NanSymbol("code"), NanNew<v8::Integer>(errorNumber));
                                                                 ^
In file included from ../src/bufferutil.cc:7:0:
/root/.cache/node-gyp/14.16.1/include/node/v8.h:3670:37: note: candidate: v8::Maybe<bool> v8::Object::Set(v8::Local<v8::Context>, v8::Local<v8::Value>, v8::Local<v8::Value>)
   V8_WARN_UNUSED_RESULT Maybe<bool> Set(Local<Context> context,
                                     ^~~
/root/.cache/node-gyp/14.16.1/include/node/v8.h:3670:37: note:   candidate expects 3 arguments, 2 provided
/root/.cache/node-gyp/14.16.1/include/node/v8.h:3673:37: note: candidate: v8::Maybe<bool> v8::Object::Set(v8::Local<v8::Context>, uint32_t, v8::Local<v8::Value>)
   V8_WARN_UNUSED_RESULT Maybe<bool> Set(Local<Context> context, uint32_t index,
                                     ^~~
/root/.cache/node-gyp/14.16.1/include/node/v8.h:3673:37: note:   candidate expects 3 arguments, 2 provided
In file included from ../src/bufferutil.cc:15:0:
../../nan/nan.h: In function 'void NanThrowError(const char*, int)':
../../nan/nan.h:739:45: error: no matching function for call to 'NanThrowError(v8::Local<v8::Value>)'
     NanThrowError(NanError(msg, errorNumber));
                                             ^
../../nan/nan.h:716:19: note: candidate: void NanThrowError(const char*)
   NAN_INLINE void NanThrowError(const char* errmsg) {
                   ^~~~~~~~~~~~~
../../nan/nan.h:716:19: note:   no known conversion for argument 1 from 'v8::Local<v8::Value>' to 'const char*'
../../nan/nan.h:735:19: note: candidate: void NanThrowError(const char*, int)
   NAN_INLINE void NanThrowError(
                   ^~~~~~~~~~~~~
../../nan/nan.h:735:19: note:   candidate expects 2 arguments, 1 provided
../../nan/nan.h: At global scope:
../../nan/nan.h:767:13: error: 'node::smalloc' has not been declared
     , node::smalloc::FreeCallback callback
             ^~~~~~~
../../nan/nan.h:767:35: error: expected ',' or '...' before 'callback'
     , node::smalloc::FreeCallback callback
                                   ^~~~~~~~
../../nan/nan.h: In function 'v8::Local<v8::Object> NanNewBufferHandle(char*, size_t, int)':
../../nan/nan.h:770:57: error: 'callback' was not declared in this scope
     return node::Buffer::New(nan_isolate, data, length, callback, hint);
                                                         ^~~~~~~~
../../nan/nan.h:770:67: error: 'hint' was not declared in this scope
     return node::Buffer::New(nan_isolate, data, length, callback, hint);
                                                                   ^~~~
../../nan/nan.h: In function 'v8::Local<v8::Object> NanNewBufferHandle(const char*, uint32_t)':
../../nan/nan.h:777:53: error: invalid conversion from 'const char*' to 'char*' [-fpermissive]
     return node::Buffer::New(nan_isolate, data, size);
                                                     ^
In file included from ../src/bufferutil.cc:9:0:
/root/.cache/node-gyp/14.16.1/include/node/node_buffer.h:64:40: note:   initializing argument 2 of 'v8::MaybeLocal<v8::Object> node::Buffer::New(v8::Isolate*, char*, size_t)'
 NODE_EXTERN v8::MaybeLocal<v8::Object> New(v8::Isolate* isolate,
                                        ^~~
In file included from ../src/bufferutil.cc:15:0:
../../nan/nan.h:777:29: error: could not convert 'node::Buffer::New(nan_isolate, ((char*)data), ((size_t)size))' from 'v8::MaybeLocal<v8::Object>' to 'v8::Local<v8::Object>'
     return node::Buffer::New(nan_isolate, data, size);
            ~~~~~~~~~~~~~~~~~^~~~~~~~~~~~~~~~~~~~~~~~~
../../nan/nan.h: In function 'v8::Local<v8::Object> NanNewBufferHandle(uint32_t)':
../../nan/nan.h:781:29: error: could not convert 'node::Buffer::New(nan_isolate, ((size_t)size))' from 'v8::MaybeLocal<v8::Object>' to 'v8::Local<v8::Object>'
     return node::Buffer::New(nan_isolate, size);
            ~~~~~~~~~~~~~~~~~^~~~~~~~~~~~~~~~~~~
../../nan/nan.h: In function 'v8::Local<v8::Object> NanBufferUse(char*, uint32_t)':
../../nan/nan.h:788:12: error: 'Use' is not a member of 'node::Buffer'
     return node::Buffer::Use(nan_isolate, data, size);
            ^~~~
../../nan/nan.h: At global scope:
../../nan/nan.h:793:11: error: 'v8::Handle' has not been declared
     , v8::Handle<v8::Value> value
           ^~~~~~
../../nan/nan.h:793:17: error: expected ',' or '...' before '<' token
     , v8::Handle<v8::Value> value
                 ^
../../nan/nan.h: In function 'bool NanHasInstance(v8::Persistent<v8::FunctionTemplate>&, int)':
../../nan/nan.h:795:51: error: 'value' was not declared in this scope
     return NanNew(function_template)->HasInstance(value);
                                                   ^~~~~
../../nan/nan.h: At global scope:
../../nan/nan.h:800:11: error: 'v8::Handle' has not been declared
     , v8::Handle<v8::ObjectTemplate> tmpl = v8::Handle<v8::ObjectTemplate>()
           ^~~~~~
../../nan/nan.h:800:17: error: expected ',' or '...' before '<' token
     , v8::Handle<v8::ObjectTemplate> tmpl = v8::Handle<v8::ObjectTemplate>()
                 ^
../../nan/nan.h: In function 'v8::Local<v8::Context> NanNewContextHandle(v8::ExtensionConfiguration*, int)':
../../nan/nan.h:798:37: error: default argument missing for parameter 2 of 'v8::Local<v8::Context> NanNewContextHandle(v8::ExtensionConfiguration*, int)'
   NAN_INLINE v8::Local<v8::Context> NanNewContextHandle(
                                     ^~~~~~~~~~~~~~~~~~~
../../nan/nan.h:805:51: error: 'tmpl' was not declared in this scope
       , v8::Context::New(nan_isolate, extensions, tmpl, obj)
                                                   ^~~~
../../nan/nan.h:805:57: error: 'obj' was not declared in this scope
       , v8::Context::New(nan_isolate, extensions, tmpl, obj)
                                                         ^~~
../../nan/nan.h: In function 'v8::Local<v8::Script> NanCompileScript(v8::Local<v8::String>, const v8::ScriptOrigin&)':
../../nan/nan.h:814:60: error: no matching function for call to 'v8::ScriptCompiler::Compile(v8::Isolate*&, v8::ScriptCompiler::Source*)'
     return v8::ScriptCompiler::Compile(nan_isolate, &source);
                                                            ^
In file included from ../src/bufferutil.cc:7:0:
/root/.cache/node-gyp/14.16.1/include/node/v8.h:1852:51: note: candidate: static v8::MaybeLocal<v8::Script> v8::ScriptCompiler::Compile(v8::Local<v8::Context>, v8::ScriptCompiler::Source*, v8::ScriptCompiler::CompileOptions, v8::ScriptCompiler::NoCacheReason)
   static V8_WARN_UNUSED_RESULT MaybeLocal<Script> Compile(
                                                   ^~~~~~~
/root/.cache/node-gyp/14.16.1/include/node/v8.h:1852:51: note:   no known conversion for argument 1 from 'v8::Isolate*' to 'v8::Local<v8::Context>'
/root/.cache/node-gyp/14.16.1/include/node/v8.h:1879:51: note: candidate: static v8::MaybeLocal<v8::Script> v8::ScriptCompiler::Compile(v8::Local<v8::Context>, v8::ScriptCompiler::StreamedSource*, v8::Local<v8::String>, const v8::ScriptOrigin&)
   static V8_WARN_UNUSED_RESULT MaybeLocal<Script> Compile(
                                                   ^~~~~~~
/root/.cache/node-gyp/14.16.1/include/node/v8.h:1879:51: note:   candidate expects 4 arguments, 2 provided
In file included from ../src/bufferutil.cc:15:0:
../../nan/nan.h: In function 'v8::Local<v8::Script> NanCompileScript(v8::Local<v8::String>)':
../../nan/nan.h:821:60: error: no matching function for call to 'v8::ScriptCompiler::Compile(v8::Isolate*&, v8::ScriptCompiler::Source*)'
     return v8::ScriptCompiler::Compile(nan_isolate, &source);
                                                            ^
In file included from ../src/bufferutil.cc:7:0:
/root/.cache/node-gyp/14.16.1/include/node/v8.h:1852:51: note: candidate: static v8::MaybeLocal<v8::Script> v8::ScriptCompiler::Compile(v8::Local<v8::Context>, v8::ScriptCompiler::Source*, v8::ScriptCompiler::CompileOptions, v8::ScriptCompiler::NoCacheReason)
   static V8_WARN_UNUSED_RESULT MaybeLocal<Script> Compile(
                                                   ^~~~~~~
/root/.cache/node-gyp/14.16.1/include/node/v8.h:1852:51: note:   no known conversion for argument 1 from 'v8::Isolate*' to 'v8::Local<v8::Context>'
/root/.cache/node-gyp/14.16.1/include/node/v8.h:1879:51: note: candidate: static v8::MaybeLocal<v8::Script> v8::ScriptCompiler::Compile(v8::Local<v8::Context>, v8::ScriptCompiler::StreamedSource*, v8::Local<v8::String>, const v8::ScriptOrigin&)
   static V8_WARN_UNUSED_RESULT MaybeLocal<Script> Compile(
                                                   ^~~~~~~
/root/.cache/node-gyp/14.16.1/include/node/v8.h:1879:51: note:   candidate expects 4 arguments, 2 provided
In file included from ../src/bufferutil.cc:15:0:
../../nan/nan.h: In function 'v8::Local<v8::Value> NanRunScript(v8::Local<v8::UnboundScript>)':
../../nan/nan.h:827:48: error: no matching function for call to 'v8::Script::Run()'
     return script->BindToCurrentContext()->Run();
                                                ^
In file included from ../src/bufferutil.cc:7:0:
/root/.cache/node-gyp/14.16.1/include/node/v8.h:1606:43: note: candidate: v8::MaybeLocal<v8::Value> v8::Script::Run(v8::Local<v8::Context>)
   V8_WARN_UNUSED_RESULT MaybeLocal<Value> Run(Local<Context> context);
                                           ^~~
/root/.cache/node-gyp/14.16.1/include/node/v8.h:1606:43: note:   candidate expects 1 argument, 0 provided
In file included from ../src/bufferutil.cc:15:0:
../../nan/nan.h: In function 'v8::Local<v8::Value> NanRunScript(v8::Local<v8::Script>)':
../../nan/nan.h:833:24: error: no matching function for call to 'v8::Script::Run()'
     return script->Run();
                        ^
In file included from ../src/bufferutil.cc:7:0:
/root/.cache/node-gyp/14.16.1/include/node/v8.h:1606:43: note: candidate: v8::MaybeLocal<v8::Value> v8::Script::Run(v8::Local<v8::Context>)
   V8_WARN_UNUSED_RESULT MaybeLocal<Value> Run(Local<Context> context);
                                           ^~~
/root/.cache/node-gyp/14.16.1/include/node/v8.h:1606:43: note:   candidate expects 1 argument, 0 provided
In file included from ../src/bufferutil.cc:15:0:
../../nan/nan.h: At global scope:
../../nan/nan.h:1443:34: error: 'Handle' in namespace 'v8' does not name a template type
   explicit NanCallback(const v8::Handle<v8::Function> &fn) {
                                  ^~~~~~
../../nan/nan.h:1443:40: error: expected ',' or '...' before '<' token
   explicit NanCallback(const v8::Handle<v8::Function> &fn) {
                                        ^
../../nan/nan.h:1455:41: error: 'Handle' in namespace 'v8' does not name a template type
   NAN_INLINE void SetFunction(const v8::Handle<v8::Function> &fn) {
                                         ^~~~~~
../../nan/nan.h:1455:47: error: expected ',' or '...' before '<' token
   NAN_INLINE void SetFunction(const v8::Handle<v8::Function> &fn) {
                                               ^
../../nan/nan.h:1465:27: error: 'v8::Handle' has not been declared
   void Call(int argc, v8::Handle<v8::Value> argv[]) {
                           ^~~~~~
../../nan/nan.h:1465:33: error: expected ',' or '...' before '<' token
   void Call(int argc, v8::Handle<v8::Value> argv[]) {
                                 ^
../../nan/nan.h: In constructor 'NanCallback::NanCallback()':
../../nan/nan.h:1440:36: error: no matching function for call to 'NanAssignPersistent(v8::Persistent<v8::Object>&, v8::Local<v8::Object>&)'
     NanAssignPersistent(handle, obj);
                                    ^
../../nan/nan.h:615:19: note: candidate: template<class T> void NanAssignPersistent(v8::Persistent<T, v8::NonCopyablePersistentTraits<T> >&, int)
   NAN_INLINE void NanAssignPersistent(
                   ^~~~~~~~~~~~~~~~~~~
../../nan/nan.h:615:19: note:   template argument deduction/substitution failed:
../../nan/nan.h:1440:36: note:   cannot convert 'obj' (type 'v8::Local<v8::Object>') to type 'int'
     NanAssignPersistent(handle, obj);
                                    ^
../../nan/nan.h:622:19: note: candidate: template<class T> void NanAssignPersistent(v8::Persistent<T, v8::NonCopyablePersistentTraits<T> >&, const v8::Persistent<T, v8::NonCopyablePersistentTraits<T> >&)
   NAN_INLINE void NanAssignPersistent(
                   ^~~~~~~~~~~~~~~~~~~
../../nan/nan.h:622:19: note:   template argument deduction/substitution failed:
../../nan/nan.h:1440:36: note:   'v8::Local<v8::Object>' is not derived from 'const v8::Persistent<T, v8::NonCopyablePersistentTraits<T> >'
     NanAssignPersistent(handle, obj);
                                    ^
../../nan/nan.h: In constructor 'NanCallback::NanCallback(int)':
../../nan/nan.h:1446:36: error: no matching function for call to 'NanAssignPersistent(v8::Persistent<v8::Object>&, v8::Local<v8::Object>&)'
     NanAssignPersistent(handle, obj);
                                    ^
../../nan/nan.h:615:19: note: candidate: template<class T> void NanAssignPersistent(v8::Persistent<T, v8::NonCopyablePersistentTraits<T> >&, int)
   NAN_INLINE void NanAssignPersistent(
                   ^~~~~~~~~~~~~~~~~~~
../../nan/nan.h:615:19: note:   template argument deduction/substitution failed:
../../nan/nan.h:1446:36: note:   cannot convert 'obj' (type 'v8::Local<v8::Object>') to type 'int'
     NanAssignPersistent(handle, obj);
                                    ^
../../nan/nan.h:622:19: note: candidate: template<class T> void NanAssignPersistent(v8::Persistent<T, v8::NonCopyablePersistentTraits<T> >&, const v8::Persistent<T, v8::NonCopyablePersistentTraits<T> >&)
   NAN_INLINE void NanAssignPersistent(
                   ^~~~~~~~~~~~~~~~~~~
../../nan/nan.h:622:19: note:   template argument deduction/substitution failed:
../../nan/nan.h:1446:36: note:   'v8::Local<v8::Object>' is not derived from 'const v8::Persistent<T, v8::NonCopyablePersistentTraits<T> >'
     NanAssignPersistent(handle, obj);
                                    ^
../../nan/nan.h:1447:17: error: 'fn' was not declared in this scope
     SetFunction(fn);
                 ^~
../../nan/nan.h: In member function 'void NanCallback::SetFunction(int)':
../../nan/nan.h:1457:48: error: 'fn' was not declared in this scope
     NanNew(handle)->Set(NanSymbol("callback"), fn);
                                                ^~
../../nan/nan.h: In member function 'v8::Local<v8::Function> NanCallback::GetFunction()':
../../nan/nan.h:1461:53: error: no matching function for call to 'v8::Object::Get(v8::Local<v8::String>)'
     return NanNew(handle)->Get(NanSymbol("callback"))
                                                     ^
In file included from ../src/bufferutil.cc:7:0:
/root/.cache/node-gyp/14.16.1/include/node/v8.h:3717:43: note: candidate: v8::MaybeLocal<v8::Value> v8::Object::Get(v8::Local<v8::Context>, v8::Local<v8::Value>)
   V8_WARN_UNUSED_RESULT MaybeLocal<Value> Get(Local<Context> context,
                                           ^~~
/root/.cache/node-gyp/14.16.1/include/node/v8.h:3717:43: note:   candidate expects 2 arguments, 1 provided
/root/.cache/node-gyp/14.16.1/include/node/v8.h:3720:43: note: candidate: v8::MaybeLocal<v8::Value> v8::Object::Get(v8::Local<v8::Context>, uint32_t)
   V8_WARN_UNUSED_RESULT MaybeLocal<Value> Get(Local<Context> context,
                                           ^~~
/root/.cache/node-gyp/14.16.1/include/node/v8.h:3720:43: note:   candidate expects 2 arguments, 1 provided
In file included from ../src/bufferutil.cc:15:0:
../../nan/nan.h:1462:25: error: expected primary-expression before '>' token
         .As<v8::Function>();
                         ^
../../nan/nan.h:1462:27: error: expected primary-expression before ')' token
         .As<v8::Function>();
                           ^
../../nan/nan.h: In member function 'void NanCallback::Call(int, int)':
../../nan/nan.h:1469:34: error: no matching function for call to 'v8::Object::Get(v8::Local<v8::String>)'
         Get(NanSymbol("callback")).As<v8::Function>();
                                  ^
In file included from ../src/bufferutil.cc:7:0:
/root/.cache/node-gyp/14.16.1/include/node/v8.h:3717:43: note: candidate: v8::MaybeLocal<v8::Value> v8::Object::Get(v8::Local<v8::Context>, v8::Local<v8::Value>)
   V8_WARN_UNUSED_RESULT MaybeLocal<Value> Get(Local<Context> context,
                                           ^~~
/root/.cache/node-gyp/14.16.1/include/node/v8.h:3717:43: note:   candidate expects 2 arguments, 1 provided
/root/.cache/node-gyp/14.16.1/include/node/v8.h:3720:43: note: candidate: v8::MaybeLocal<v8::Value> v8::Object::Get(v8::Local<v8::Context>, uint32_t)
   V8_WARN_UNUSED_RESULT MaybeLocal<Value> Get(Local<Context> context,
                                           ^~~
/root/.cache/node-gyp/14.16.1/include/node/v8.h:3720:43: note:   candidate expects 2 arguments, 1 provided
In file included from ../src/bufferutil.cc:15:0:
../../nan/nan.h:1469:51: error: expected primary-expression before '>' token
         Get(NanSymbol("callback")).As<v8::Function>();
                                                   ^
../../nan/nan.h:1469:53: error: expected primary-expression before ')' token
         Get(NanSymbol("callback")).As<v8::Function>();
                                                     ^
../../nan/nan.h:1475:9: error: 'argv' was not declared in this scope
       , argv
         ^~~~
../../nan/nan.h: In constructor 'NanAsyncWorker::NanAsyncWorker(NanCallback*)':
../../nan/nan.h:1505:46: error: no matching function for call to 'NanAssignPersistent(v8::Persistent<v8::Object>&, v8::Local<v8::Object>&)'
     NanAssignPersistent(persistentHandle, obj);
                                              ^
../../nan/nan.h:615:19: note: candidate: template<class T> void NanAssignPersistent(v8::Persistent<T, v8::NonCopyablePersistentTraits<T> >&, int)
   NAN_INLINE void NanAssignPersistent(
                   ^~~~~~~~~~~~~~~~~~~
../../nan/nan.h:615:19: note:   template argument deduction/substitution failed:
../../nan/nan.h:1505:46: note:   cannot convert 'obj' (type 'v8::Local<v8::Object>') to type 'int'
     NanAssignPersistent(persistentHandle, obj);
                                              ^
../../nan/nan.h:622:19: note: candidate: template<class T> void NanAssignPersistent(v8::Persistent<T, v8::NonCopyablePersistentTraits<T> >&, const v8::Persistent<T, v8::NonCopyablePersistentTraits<T> >&)
   NAN_INLINE void NanAssignPersistent(
                   ^~~~~~~~~~~~~~~~~~~
../../nan/nan.h:622:19: note:   template argument deduction/substitution failed:
../../nan/nan.h:1505:46: note:   'v8::Local<v8::Object>' is not derived from 'const v8::Persistent<T, v8::NonCopyablePersistentTraits<T> >'
     NanAssignPersistent(persistentHandle, obj);
                                              ^
../../nan/nan.h: In member function 'void NanAsyncWorker::SaveToPersistent(const char*, v8::Local<v8::Object>&)':
../../nan/nan.h:1532:36: error: no matching function for call to 'v8::Object::Set(v8::Local<v8::String>, v8::Local<v8::Object>&)'
     handle->Set(NanSymbol(key), obj);
                                    ^
In file included from ../src/bufferutil.cc:7:0:
/root/.cache/node-gyp/14.16.1/include/node/v8.h:3670:37: note: candidate: v8::Maybe<bool> v8::Object::Set(v8::Local<v8::Context>, v8::Local<v8::Value>, v8::Local<v8::Value>)
   V8_WARN_UNUSED_RESULT Maybe<bool> Set(Local<Context> context,
                                     ^~~
/root/.cache/node-gyp/14.16.1/include/node/v8.h:3670:37: note:   candidate expects 3 arguments, 2 provided
/root/.cache/node-gyp/14.16.1/include/node/v8.h:3673:37: note: candidate: v8::Maybe<bool> v8::Object::Set(v8::Local<v8::Context>, uint32_t, v8::Local<v8::Value>)
   V8_WARN_UNUSED_RESULT Maybe<bool> Set(Local<Context> context, uint32_t index,
                                     ^~~
/root/.cache/node-gyp/14.16.1/include/node/v8.h:3673:37: note:   candidate expects 3 arguments, 2 provided
In file included from ../src/bufferutil.cc:15:0:
../../nan/nan.h: In member function 'v8::Local<v8::Object> NanAsyncWorker::GetFromPersistent(const char*)':
../../nan/nan.h:1538:53: error: no matching function for call to 'v8::Object::Get(v8::Local<v8::String>)'
     return NanEscapeScope(handle->Get(NanSymbol(key)).As<v8::Object>());
                                                     ^
../../nan/nan.h:684:43: note: in definition of macro 'NanEscapeScope'
 # define NanEscapeScope(val) scope.Escape(val)
                                           ^~~
In file included from ../src/bufferutil.cc:7:0:
/root/.cache/node-gyp/14.16.1/include/node/v8.h:3717:43: note: candidate: v8::MaybeLocal<v8::Value> v8::Object::Get(v8::Local<v8::Context>, v8::Local<v8::Value>)
   V8_WARN_UNUSED_RESULT MaybeLocal<Value> Get(Local<Context> context,
                                           ^~~
/root/.cache/node-gyp/14.16.1/include/node/v8.h:3717:43: note:   candidate expects 2 arguments, 1 provided
/root/.cache/node-gyp/14.16.1/include/node/v8.h:3720:43: note: candidate: v8::MaybeLocal<v8::Value> v8::Object::Get(v8::Local<v8::Context>, uint32_t)
   V8_WARN_UNUSED_RESULT MaybeLocal<Value> Get(Local<Context> context,
                                           ^~~
/root/.cache/node-gyp/14.16.1/include/node/v8.h:3720:43: note:   candidate expects 2 arguments, 1 provided
In file included from ../src/bufferutil.cc:15:0:
../../nan/nan.h:1538:68: error: expected primary-expression before '>' token
     return NanEscapeScope(handle->Get(NanSymbol(key)).As<v8::Object>());
                                                                    ^
../../nan/nan.h:684:43: note: in definition of macro 'NanEscapeScope'
 # define NanEscapeScope(val) scope.Escape(val)
                                           ^~~
../../nan/nan.h:1538:70: error: expected primary-expression before ')' token
     return NanEscapeScope(handle->Get(NanSymbol(key)).As<v8::Object>());
                                                                      ^
../../nan/nan.h:684:43: note: in definition of macro 'NanEscapeScope'
 # define NanEscapeScope(val) scope.Escape(val)
                                           ^~~
../../nan/nan.h: In member function 'virtual void NanAsyncWorker::HandleOKCallback()':
../../nan/nan.h:1553:27: warning: passing NULL to non-pointer argument 2 of 'void NanCallback::Call(int, int)' [-Wconversion-null]
     callback->Call(0, NULL);
                           ^
../../nan/nan.h: In member function 'virtual void NanAsyncWorker::HandleErrorCallback()':
../../nan/nan.h:1562:27: error: invalid conversion from 'v8::Local<v8::Value>*' to 'int' [-fpermissive]
     callback->Call(1, argv);
                           ^
../../nan/nan.h:1465:8: note:   initializing argument 2 of 'void NanCallback::Call(int, int)'
   void Call(int argc, v8::Handle<v8::Value> argv[]) {
        ^~~~
../../nan/nan.h: At global scope:
../../nan/nan.h:1715:5: error: 'Handle' is not a member of 'v8'
     v8::Handle<v8::Value> val
     ^~
../../nan/nan.h:1715:25: error: expected primary-expression before '>' token
     v8::Handle<v8::Value> val
                         ^
../../nan/nan.h:1715:27: error: 'val' was not declared in this scope
     v8::Handle<v8::Value> val
                           ^~~
../../nan/nan.h:1716:5: error: expected primary-expression before 'const'
   , const char** data
     ^~~~~
../../nan/nan.h:1717:11: error: expected primary-expression before '*' token
   , size_t* len
           ^
../../nan/nan.h:1717:13: error: 'len' was not declared in this scope
   , size_t* len
             ^~~
../../nan/nan.h:1718:1: error: expression list treated as compound expression in initializer [-fpermissive]
 ) {
 ^
../../nan/nan.h:1714:13: warning: '_NanGetExternalParts' defined but not used [-Wunused-variable]
 static bool _NanGetExternalParts(
             ^~~~~~~~~~~~~~~~~~~~
make: *** [Release/obj.target/bufferutil/src/bufferutil.o] Error 1
gyp ERR! build error 
gyp ERR! stack Error: `make` failed with exit code: 2
gyp ERR! stack     at ChildProcess.onExit (/usr/local/lib/node_modules/npm/node_modules/node-gyp/lib/build.js:194:23)
gyp ERR! stack     at ChildProcess.emit (events.js:315:20)
gyp ERR! stack     at Process.ChildProcess._handle.onexit (internal/child_process.js:277:12)
gyp ERR! System Linux 5.10.104-linuxkit
gyp ERR! command "/usr/local/bin/node" "/usr/local/lib/node_modules/npm/node_modules/node-gyp/bin/node-gyp.js" "rebuild"
gyp ERR! cwd /app/2/chat/node_modules/ws
gyp ERR! node -v v14.16.1
gyp ERR! node-gyp -v v5.1.0
gyp ERR! not ok 
